<?xml version="1.0" encoding="UTF-8"?>
<!-- Generated by org.testng.reporters.JUnitXMLReporter -->
<testsuite ignored="0" hostname="VINAY" failures="0" tests="4" name="Surefire test" time="13.912" errors="0" timestamp="2023-12-21T14:48:08 IST">
  <testcase classname="Selenium.amazonTest" name="amazon" time="3.961"/>
  <testcase classname="Selenium.flipkartTest" name="amazon" time="7.531"/>
  <testcase classname="Selenium.myntraTest" name="amazon" time="2.352"/>
  <testcase classname="Selenium.sampleTest" name="m1" time="0.001"/>
</testsuite> <!-- Surefire test -->
