<?xml version="1.0" encoding="UTF-8"?>
<!-- Generated by org.testng.reporters.JUnitXMLReporter -->
<testsuite ignored="0" hostname="VINAY" failures="0" tests="4" name="Test" time="10.886" errors="0" timestamp="2023-12-20T15:45:08 IST">
  <testcase classname="Selenium.myntraTest" name="amazon" time="2.793"/>
  <testcase classname="Selenium.amazonTest" name="amazon" time="3.287"/>
  <testcase classname="Selenium.flipkartTest" name="amazon" time="4.763"/>
  <testcase classname="Selenium.sampleTest" name="m1" time="0.001"/>
</testsuite> <!-- Test -->
