<?xml version="1.0" encoding="UTF-8"?>
<testng-results ignored="0" total="4" passed="4" failed="0" skipped="0">
  <reporter-output>
    <line>
      <![CDATA[HI]]>
    </line>
  </reporter-output>
  <suite started-at="2023-12-21T14:47:54 IST" name="Surefire suite" finished-at="2023-12-21T14:48:08 IST" duration-ms="13912">
    <groups>
    </groups>
    <test started-at="2023-12-21T14:47:54 IST" name="Surefire test" finished-at="2023-12-21T14:48:08 IST" duration-ms="13912">
      <class name="Selenium.myntraTest">
        <test-method signature="amazon()[pri:0, instance:Selenium.myntraTest@120f102b]" started-at="2023-12-21T14:48:06 IST" name="amazon" finished-at="2023-12-21T14:48:08 IST" duration-ms="2352" status="PASS">
          <reporter-output>
          </reporter-output>
        </test-method> <!-- amazon -->
      </class> <!-- Selenium.myntraTest -->
      <class name="Selenium.flipkartTest">
        <test-method signature="amazon()[pri:0, instance:Selenium.flipkartTest@41fecb8b]" started-at="2023-12-21T14:47:58 IST" name="amazon" finished-at="2023-12-21T14:48:06 IST" duration-ms="7531" status="PASS">
          <reporter-output>
          </reporter-output>
        </test-method> <!-- amazon -->
      </class> <!-- Selenium.flipkartTest -->
      <class name="Selenium.amazonTest">
        <test-method signature="amazon()[pri:0, instance:Selenium.amazonTest@c333c60]" started-at="2023-12-21T14:47:54 IST" name="amazon" finished-at="2023-12-21T14:47:58 IST" duration-ms="3961" status="PASS">
          <reporter-output>
          </reporter-output>
        </test-method> <!-- amazon -->
      </class> <!-- Selenium.amazonTest -->
      <class name="Selenium.sampleTest">
        <test-method signature="m1()[pri:0, instance:Selenium.sampleTest@625732]" started-at="2023-12-21T14:48:08 IST" name="m1" finished-at="2023-12-21T14:48:08 IST" duration-ms="1" status="PASS">
          <reporter-output>
            <line>
              <![CDATA[HI]]>
            </line>
          </reporter-output>
        </test-method> <!-- m1 -->
      </class> <!-- Selenium.sampleTest -->
    </test> <!-- Surefire test -->
  </suite> <!-- Surefire suite -->
</testng-results>
