<?xml version="1.0" encoding="UTF-8"?>
<testng-results ignored="0" total="1" passed="1" failed="0" skipped="0">
  <reporter-output>
  </reporter-output>
  <suite started-at="2023-12-23T14:34:48 IST" name="Default suite" finished-at="2023-12-23T14:34:58 IST" duration-ms="10035">
    <groups>
    </groups>
    <test started-at="2023-12-23T14:34:48 IST" name="Default test" finished-at="2023-12-23T14:34:58 IST" duration-ms="10035">
      <class name="EXTENTREPORT.Program">
        <test-method signature="report()[pri:0, instance:EXTENTREPORT.Program@6cf0e0ba]" started-at="2023-12-23T14:34:48 IST" name="report" finished-at="2023-12-23T14:34:58 IST" duration-ms="9989" status="PASS">
          <reporter-output>
          </reporter-output>
        </test-method> <!-- report -->
      </class> <!-- EXTENTREPORT.Program -->
    </test> <!-- Default test -->
  </suite> <!-- Default suite -->
</testng-results>
